# JRE version: OpenJDK Runtime Environment Temurin-17.0.6+10 (17.0.6+10) (build 17.0.6+10)
# Java VM: OpenJDK 64-Bit Server VM Temurin-17.0.6+10 (17.0.6+10, mixed mode, emulated-client, tiered, compressed oops, compressed class ptrs, g1 gc, windows-amd64)
GC Precious Log:
 CPUs: 12 total, 12 available
 Memory: 16085M
 Large Page Support: Disabled
 NUMA Support: Disabled
 Compressed Oops: Enabled (32-bit)
 Heap Region Size: 1M
 Heap Min Capacity: 8M
 Heap Initial Capacity: 252M
 Heap Max Capacity: 1G
 Pre-touch: Disabled
 Parallel Workers: 10
 Concurrent Workers: 3
 Concurrent Refinement Workers: 10
 Periodic GC: Disabled
Heap:
 garbage-first heap   total 137216K, used 40364K [0x00000000c0000000, 0x0000000100000000)
  region size 1024K, 1 young (1024K), 0 survivors (0K)
 Metaspace       used 62766K, committed 63296K, reserved 1105920K
  class space    used 8521K, committed 8768K, reserved 1048576K
GC Heap History (20 events):
Event: 11227.258 GC heap before
{Heap before GC invocations=447 (full 225):
 garbage-first heap   total 137216K, used 40364K [0x00000000c0000000, 0x0000000100000000)
  region size 1024K, 1 young (1024K), 0 survivors (0K)
 Metaspace       used 62766K, committed 63296K, reserved 1105920K
  class space    used 8521K, committed 8768K, reserved 1048576K
}
Event: 11227.285 GC heap after
{Heap after GC invocations=448 (full 226):
 garbage-first heap   total 137216K, used 40364K [0x00000000c0000000, 0x0000000100000000)
  region size 1024K, 0 young (0K), 0 survivors (0K)
 Metaspace       used 62766K, committed 63296K, reserved 1105920K
  class space    used 8521K, committed 8768K, reserved 1048576K
}
Event: 11237.363 GC heap before
{Heap before GC invocations=448 (full 226):
 garbage-first heap   total 137216K, used 40364K [0x00000000c0000000, 0x0000000100000000)
  region size 1024K, 1 young (1024K), 0 survivors (0K)
 Metaspace       used 62766K, committed 63296K, reserved 1105920K
  class space    used 8521K, committed 8768K, reserved 1048576K
}
Event: 11237.388 GC heap after
{Heap after GC invocations=449 (full 227):
 garbage-first heap   total 137216K, used 40364K [0x00000000c0000000, 0x0000000100000000)
  region size 1024K, 0 young (0K), 0 survivors (0K)
 Metaspace       used 62766K, committed 63296K, reserved 1105920K
  class space    used 8521K, committed 8768K, reserved 1048576K
}
Event: 11247.474 GC heap before
{Heap before GC invocations=449 (full 227):
 garbage-first heap   total 137216K, used 40364K [0x00000000c0000000, 0x0000000100000000)
  region size 1024K, 1 young (1024K), 0 survivors (0K)
 Metaspace       used 62766K, committed 63296K, reserved 1105920K
  class space    used 8521K, committed 8768K, reserved 1048576K
}
Event: 11247.500 GC heap after
{Heap after GC invocations=450 (full 228):
 garbage-first heap   total 137216K, used 40364K [0x00000000c0000000, 0x0000000100000000)
  region size 1024K, 0 young (0K), 0 survivors (0K)
 Metaspace       used 62766K, committed 63296K, reserved 1105920K
  class space    used 8521K, committed 8768K, reserved 1048576K
}
Event: 11257.588 GC heap before
{Heap before GC invocations=450 (full 228):
 garbage-first heap   total 137216K, used 40364K [0x00000000c0000000, 0x0000000100000000)
  region size 1024K, 1 young (1024K), 0 survivors (0K)
 Metaspace       used 62766K, committed 63296K, reserved 1105920K
  class space    used 8521K, committed 8768K, reserved 1048576K
}
Event: 11257.615 GC heap after
{Heap after GC invocations=451 (full 229):
 garbage-first heap   total 137216K, used 40364K [0x00000000c0000000, 0x0000000100000000)
  region size 1024K, 0 young (0K), 0 survivors (0K)
 Metaspace       used 62766K, committed 63296K, reserved 1105920K
  class space    used 8521K, committed 8768K, reserved 1048576K
}
Event: 11267.712 GC heap before
{Heap before GC invocations=451 (full 229):
 garbage-first heap   total 137216K, used 40364K [0x00000000c0000000, 0x0000000100000000)
  region size 1024K, 1 young (1024K), 0 survivors (0K)
 Metaspace       used 62766K, committed 63296K, reserved 1105920K
  class space    used 8521K, committed 8768K, reserved 1048576K
}
Event: 11267.739 GC heap after
{Heap after GC invocations=452 (full 230):
 garbage-first heap   total 137216K, used 40364K [0x00000000c0000000, 0x0000000100000000)
  region size 1024K, 0 young (0K), 0 survivors (0K)
 Metaspace       used 62766K, committed 63296K, reserved 1105920K
  class space    used 8521K, committed 8768K, reserved 1048576K
}
Event: 11277.835 GC heap before
{Heap before GC invocations=452 (full 230):
 garbage-first heap   total 137216K, used 40364K [0x00000000c0000000, 0x0000000100000000)
  region size 1024K, 1 young (1024K), 0 survivors (0K)
 Metaspace       used 62766K, committed 63296K, reserved 1105920K
  class space    used 8521K, committed 8768K, reserved 1048576K
}
Event: 11277.865 GC heap after
{Heap after GC invocations=453 (full 231):
 garbage-first heap   total 137216K, used 40364K [0x00000000c0000000, 0x0000000100000000)
  region size 1024K, 0 young (0K), 0 survivors (0K)
 Metaspace       used 62766K, committed 63296K, reserved 1105920K
  class space    used 8521K, committed 8768K, reserved 1048576K
}
Event: 11287.930 GC heap before
{Heap before GC invocations=453 (full 231):
 garbage-first heap   total 137216K, used 40364K [0x00000000c0000000, 0x0000000100000000)
  region size 1024K, 1 young (1024K), 0 survivors (0K)
 Metaspace       used 62766K, committed 63296K, reserved 1105920K
  class space    used 8521K, committed 8768K, reserved 1048576K
}
Event: 11287.955 GC heap after
{Heap after GC invocations=454 (full 232):
 garbage-first heap   total 137216K, used 40364K [0x00000000c0000000, 0x0000000100000000)
  region size 1024K, 0 young (0K), 0 survivors (0K)
 Metaspace       used 62766K, committed 63296K, reserved 1105920K
  class space    used 8521K, committed 8768K, reserved 1048576K
}
Event: 11298.064 GC heap before
{Heap before GC invocations=454 (full 232):
 garbage-first heap   total 137216K, used 40364K [0x00000000c0000000, 0x0000000100000000)
  region size 1024K, 1 young (1024K), 0 survivors (0K)
 Metaspace       used 62766K, committed 63296K, reserved 1105920K
  class space    used 8521K, committed 8768K, reserved 1048576K
}
Event: 11298.091 GC heap after
{Heap after GC invocations=455 (full 233):
 garbage-first heap   total 137216K, used 40364K [0x00000000c0000000, 0x0000000100000000)
  region size 1024K, 0 young (0K), 0 survivors (0K)
 Metaspace       used 62766K, committed 63296K, reserved 1105920K
  class space    used 8521K, committed 8768K, reserved 1048576K
}
Event: 11308.192 GC heap before
{Heap before GC invocations=455 (full 233):
 garbage-first heap   total 137216K, used 40364K [0x00000000c0000000, 0x0000000100000000)
  region size 1024K, 1 young (1024K), 0 survivors (0K)
 Metaspace       used 62766K, committed 63296K, reserved 1105920K
  class space    used 8521K, committed 8768K, reserved 1048576K
}
Event: 11308.220 GC heap after
{Heap after GC invocations=456 (full 234):
 garbage-first heap   total 137216K, used 40364K [0x00000000c0000000, 0x0000000100000000)
  region size 1024K, 0 young (0K), 0 survivors (0K)
 Metaspace       used 62766K, committed 63296K, reserved 1105920K
  class space    used 8521K, committed 8768K, reserved 1048576K
}
Event: 11318.313 GC heap before
{Heap before GC invocations=456 (full 234):
 garbage-first heap   total 137216K, used 40364K [0x00000000c0000000, 0x0000000100000000)
  region size 1024K, 1 young (1024K), 0 survivors (0K)
 Metaspace       used 62766K, committed 63296K, reserved 1105920K
  class space    used 8521K, committed 8768K, reserved 1048576K
}
Event: 11318.341 GC heap after
{Heap after GC invocations=457 (full 235):
 garbage-first heap   total 137216K, used 40364K [0x00000000c0000000, 0x0000000100000000)
  region size 1024K, 0 young (0K), 0 survivors (0K)
 Metaspace       used 62766K, committed 63296K, reserved 1105920K
  class space    used 8521K, committed 8768K, reserved 1048576K
}

