# JRE version: OpenJDK Runtime Environment Temurin-17.0.6+10 (17.0.6+10) (build 17.0.6+10)
# Java VM: OpenJDK 64-Bit Server VM Temurin-17.0.6+10 (17.0.6+10, mixed mode, emulated-client, tiered, compressed oops, compressed class ptrs, g1 gc, windows-amd64)
GC Precious Log:
 CPUs: 12 total, 12 available
 Memory: 16085M
 Large Page Support: Disabled
 NUMA Support: Disabled
 Compressed Oops: Enabled (32-bit)
 Heap Region Size: 1M
 Heap Min Capacity: 8M
 Heap Initial Capacity: 252M
 Heap Max Capacity: 1G
 Pre-touch: Disabled
 Parallel Workers: 10
 Concurrent Workers: 3
 Concurrent Refinement Workers: 10
 Periodic GC: Disabled
Heap:
 garbage-first heap   total 133120K, used 41911K [0x00000000c0000000, 0x0000000100000000)
  region size 1024K, 1 young (1024K), 0 survivors (0K)
 Metaspace       used 62326K, committed 62784K, reserved 1105920K
  class space    used 8461K, committed 8640K, reserved 1048576K
GC Heap History (20 events):
Event: 15389.065 GC heap before
{Heap before GC invocations=1439 (full 1395):
 garbage-first heap   total 133120K, used 41911K [0x00000000c0000000, 0x0000000100000000)
  region size 1024K, 1 young (1024K), 0 survivors (0K)
 Metaspace       used 62325K, committed 62784K, reserved 1105920K
  class space    used 8461K, committed 8640K, reserved 1048576K
}
Event: 15389.087 GC heap after
{Heap after GC invocations=1440 (full 1396):
 garbage-first heap   total 133120K, used 41911K [0x00000000c0000000, 0x0000000100000000)
  region size 1024K, 0 young (0K), 0 survivors (0K)
 Metaspace       used 62325K, committed 62784K, reserved 1105920K
  class space    used 8461K, committed 8640K, reserved 1048576K
}
Event: 15399.190 GC heap before
{Heap before GC invocations=1440 (full 1396):
 garbage-first heap   total 133120K, used 41911K [0x00000000c0000000, 0x0000000100000000)
  region size 1024K, 1 young (1024K), 0 survivors (0K)
 Metaspace       used 62325K, committed 62784K, reserved 1105920K
  class space    used 8461K, committed 8640K, reserved 1048576K
}
Event: 15399.216 GC heap after
{Heap after GC invocations=1441 (full 1397):
 garbage-first heap   total 133120K, used 41911K [0x00000000c0000000, 0x0000000100000000)
  region size 1024K, 0 young (0K), 0 survivors (0K)
 Metaspace       used 62325K, committed 62784K, reserved 1105920K
  class space    used 8461K, committed 8640K, reserved 1048576K
}
Event: 15409.295 GC heap before
{Heap before GC invocations=1441 (full 1397):
 garbage-first heap   total 133120K, used 41911K [0x00000000c0000000, 0x0000000100000000)
  region size 1024K, 1 young (1024K), 0 survivors (0K)
 Metaspace       used 62325K, committed 62784K, reserved 1105920K
  class space    used 8461K, committed 8640K, reserved 1048576K
}
Event: 15409.319 GC heap after
{Heap after GC invocations=1442 (full 1398):
 garbage-first heap   total 133120K, used 41911K [0x00000000c0000000, 0x0000000100000000)
  region size 1024K, 0 young (0K), 0 survivors (0K)
 Metaspace       used 62325K, committed 62784K, reserved 1105920K
  class space    used 8461K, committed 8640K, reserved 1048576K
}
Event: 15419.409 GC heap before
{Heap before GC invocations=1442 (full 1398):
 garbage-first heap   total 133120K, used 41911K [0x00000000c0000000, 0x0000000100000000)
  region size 1024K, 1 young (1024K), 0 survivors (0K)
 Metaspace       used 62325K, committed 62784K, reserved 1105920K
  class space    used 8461K, committed 8640K, reserved 1048576K
}
Event: 15419.441 GC heap after
{Heap after GC invocations=1443 (full 1399):
 garbage-first heap   total 133120K, used 41911K [0x00000000c0000000, 0x0000000100000000)
  region size 1024K, 0 young (0K), 0 survivors (0K)
 Metaspace       used 62325K, committed 62784K, reserved 1105920K
  class space    used 8461K, committed 8640K, reserved 1048576K
}
Event: 15429.536 GC heap before
{Heap before GC invocations=1443 (full 1399):
 garbage-first heap   total 133120K, used 41911K [0x00000000c0000000, 0x0000000100000000)
  region size 1024K, 1 young (1024K), 0 survivors (0K)
 Metaspace       used 62325K, committed 62784K, reserved 1105920K
  class space    used 8461K, committed 8640K, reserved 1048576K
}
Event: 15429.559 GC heap after
{Heap after GC invocations=1444 (full 1400):
 garbage-first heap   total 133120K, used 41911K [0x00000000c0000000, 0x0000000100000000)
  region size 1024K, 0 young (0K), 0 survivors (0K)
 Metaspace       used 62325K, committed 62784K, reserved 1105920K
  class space    used 8461K, committed 8640K, reserved 1048576K
}
Event: 15439.645 GC heap before
{Heap before GC invocations=1444 (full 1400):
 garbage-first heap   total 133120K, used 41911K [0x00000000c0000000, 0x0000000100000000)
  region size 1024K, 1 young (1024K), 0 survivors (0K)
 Metaspace       used 62325K, committed 62784K, reserved 1105920K
  class space    used 8461K, committed 8640K, reserved 1048576K
}
Event: 15439.669 GC heap after
{Heap after GC invocations=1445 (full 1401):
 garbage-first heap   total 133120K, used 41911K [0x00000000c0000000, 0x0000000100000000)
  region size 1024K, 0 young (0K), 0 survivors (0K)
 Metaspace       used 62325K, committed 62784K, reserved 1105920K
  class space    used 8461K, committed 8640K, reserved 1048576K
}
Event: 15449.755 GC heap before
{Heap before GC invocations=1445 (full 1401):
 garbage-first heap   total 133120K, used 41911K [0x00000000c0000000, 0x0000000100000000)
  region size 1024K, 1 young (1024K), 0 survivors (0K)
 Metaspace       used 62325K, committed 62784K, reserved 1105920K
  class space    used 8461K, committed 8640K, reserved 1048576K
}
Event: 15449.780 GC heap after
{Heap after GC invocations=1446 (full 1402):
 garbage-first heap   total 133120K, used 41911K [0x00000000c0000000, 0x0000000100000000)
  region size 1024K, 0 young (0K), 0 survivors (0K)
 Metaspace       used 62325K, committed 62784K, reserved 1105920K
  class space    used 8461K, committed 8640K, reserved 1048576K
}
Event: 15459.875 GC heap before
{Heap before GC invocations=1446 (full 1402):
 garbage-first heap   total 133120K, used 41911K [0x00000000c0000000, 0x0000000100000000)
  region size 1024K, 1 young (1024K), 0 survivors (0K)
 Metaspace       used 62325K, committed 62784K, reserved 1105920K
  class space    used 8461K, committed 8640K, reserved 1048576K
}
Event: 15459.900 GC heap after
{Heap after GC invocations=1447 (full 1403):
 garbage-first heap   total 133120K, used 41911K [0x00000000c0000000, 0x0000000100000000)
  region size 1024K, 0 young (0K), 0 survivors (0K)
 Metaspace       used 62325K, committed 62784K, reserved 1105920K
  class space    used 8461K, committed 8640K, reserved 1048576K
}
Event: 15470.005 GC heap before
{Heap before GC invocations=1447 (full 1403):
 garbage-first heap   total 133120K, used 41911K [0x00000000c0000000, 0x0000000100000000)
  region size 1024K, 1 young (1024K), 0 survivors (0K)
 Metaspace       used 62325K, committed 62784K, reserved 1105920K
  class space    used 8461K, committed 8640K, reserved 1048576K
}
Event: 15470.029 GC heap after
{Heap after GC invocations=1448 (full 1404):
 garbage-first heap   total 133120K, used 41911K [0x00000000c0000000, 0x0000000100000000)
  region size 1024K, 0 young (0K), 0 survivors (0K)
 Metaspace       used 62325K, committed 62784K, reserved 1105920K
  class space    used 8461K, committed 8640K, reserved 1048576K
}
Event: 15480.111 GC heap before
{Heap before GC invocations=1448 (full 1404):
 garbage-first heap   total 133120K, used 41911K [0x00000000c0000000, 0x0000000100000000)
  region size 1024K, 1 young (1024K), 0 survivors (0K)
 Metaspace       used 62325K, committed 62784K, reserved 1105920K
  class space    used 8461K, committed 8640K, reserved 1048576K
}
Event: 15480.139 GC heap after
{Heap after GC invocations=1449 (full 1405):
 garbage-first heap   total 133120K, used 41911K [0x00000000c0000000, 0x0000000100000000)
  region size 1024K, 0 young (0K), 0 survivors (0K)
 Metaspace       used 62325K, committed 62784K, reserved 1105920K
  class space    used 8461K, committed 8640K, reserved 1048576K
}

