# JRE version: OpenJDK Runtime Environment Temurin-17.0.6+10 (17.0.6+10) (build 17.0.6+10)
# Java VM: OpenJDK 64-Bit Server VM Temurin-17.0.6+10 (17.0.6+10, mixed mode, tiered, compressed oops, compressed class ptrs, parallel gc, windows-amd64)
GC Precious Log:
 CPUs: 12 total, 12 available
 Memory: 16085M
 Large Page Support: Disabled
 NUMA Support: Disabled
 Compressed Oops: Enabled (32-bit)
 Alignments: Space 512K, Generation 512K, Heap 2M
 Heap Min Capacity: 100M
 Heap Initial Capacity: 100M
 Heap Max Capacity: 1G
 Pre-touch: Disabled
 Parallel Workers: 10
Heap:
 PSYoungGen      total 20480K, used 864K [0x00000000eab00000, 0x00000000ec100000, 0x0000000100000000)
  eden space 19456K, 0% used [0x00000000eab00000,0x00000000eab00000,0x00000000ebe00000)
  from space 1024K, 84% used [0x00000000ec000000,0x00000000ec0d82f8,0x00000000ec100000)
  to   space 1536K, 0% used [0x00000000ebe00000,0x00000000ebe00000,0x00000000ebf80000)
 ParOldGen       total 68608K, used 46744K [0x00000000c0000000, 0x00000000c4300000, 0x00000000eab00000)
  object space 68608K, 68% used [0x00000000c0000000,0x00000000c2da62e0,0x00000000c4300000)
 Metaspace       used 58663K, committed 59776K, reserved 1105920K
  class space    used 6214K, committed 6720K, reserved 1048576K
GC Heap History (20 events):
Event: 4.555 GC heap before
{Heap before GC invocations=30 (full 2):
 PSYoungGen      total 21504K, used 21088K [0x00000000eab00000, 0x00000000ec200000, 0x0000000100000000)
  eden space 19456K, 100% used [0x00000000eab00000,0x00000000ebe00000,0x00000000ebe00000)
  from space 2048K, 79% used [0x00000000ebe80000,0x00000000ec018000,0x00000000ec080000)
  to   space 1536K, 0% used [0x00000000ec080000,0x00000000ec080000,0x00000000ec200000)
 ParOldGen       total 68608K, used 37813K [0x00000000c0000000, 0x00000000c4300000, 0x00000000eab00000)
  object space 68608K, 55% used [0x00000000c0000000,0x00000000c24ed7b0,0x00000000c4300000)
 Metaspace       used 55788K, committed 56896K, reserved 1105920K
  class space    used 5979K, committed 6464K, reserved 1048576K
}
Event: 4.557 GC heap after
{Heap after GC invocations=30 (full 2):
 PSYoungGen      total 20992K, used 1504K [0x00000000eab00000, 0x00000000ec200000, 0x0000000100000000)
  eden space 19456K, 0% used [0x00000000eab00000,0x00000000eab00000,0x00000000ebe00000)
  from space 1536K, 97% used [0x00000000ec080000,0x00000000ec1f8000,0x00000000ec200000)
  to   space 2048K, 0% used [0x00000000ebe00000,0x00000000ebe00000,0x00000000ec000000)
 ParOldGen       total 68608K, used 39285K [0x00000000c0000000, 0x00000000c4300000, 0x00000000eab00000)
  object space 68608K, 57% used [0x00000000c0000000,0x00000000c265d7c0,0x00000000c4300000)
 Metaspace       used 55788K, committed 56896K, reserved 1105920K
  class space    used 5979K, committed 6464K, reserved 1048576K
}
Event: 4.734 GC heap before
{Heap before GC invocations=31 (full 2):
 PSYoungGen      total 20992K, used 20960K [0x00000000eab00000, 0x00000000ec200000, 0x0000000100000000)
  eden space 19456K, 100% used [0x00000000eab00000,0x00000000ebe00000,0x00000000ebe00000)
  from space 1536K, 97% used [0x00000000ec080000,0x00000000ec1f8000,0x00000000ec200000)
  to   space 2048K, 0% used [0x00000000ebe00000,0x00000000ebe00000,0x00000000ec000000)
 ParOldGen       total 68608K, used 39285K [0x00000000c0000000, 0x00000000c4300000, 0x00000000eab00000)
  object space 68608K, 57% used [0x00000000c0000000,0x00000000c265d7c0,0x00000000c4300000)
 Metaspace       used 56354K, committed 57472K, reserved 1105920K
  class space    used 6029K, committed 6528K, reserved 1048576K
}
Event: 4.736 GC heap after
{Heap after GC invocations=31 (full 2):
 PSYoungGen      total 20480K, used 832K [0x00000000eab00000, 0x00000000ec100000, 0x0000000100000000)
  eden space 19456K, 0% used [0x00000000eab00000,0x00000000eab00000,0x00000000ebe00000)
  from space 1024K, 81% used [0x00000000ebe00000,0x00000000ebed0000,0x00000000ebf00000)
  to   space 1536K, 0% used [0x00000000ebf80000,0x00000000ebf80000,0x00000000ec100000)
 ParOldGen       total 68608K, used 40693K [0x00000000c0000000, 0x00000000c4300000, 0x00000000eab00000)
  object space 68608K, 59% used [0x00000000c0000000,0x00000000c27bd7d0,0x00000000c4300000)
 Metaspace       used 56354K, committed 57472K, reserved 1105920K
  class space    used 6029K, committed 6528K, reserved 1048576K
}
Event: 4.843 GC heap before
{Heap before GC invocations=32 (full 2):
 PSYoungGen      total 20480K, used 20227K [0x00000000eab00000, 0x00000000ec100000, 0x0000000100000000)
  eden space 19456K, 99% used [0x00000000eab00000,0x00000000ebdf0d18,0x00000000ebe00000)
  from space 1024K, 81% used [0x00000000ebe00000,0x00000000ebed0000,0x00000000ebf00000)
  to   space 1536K, 0% used [0x00000000ebf80000,0x00000000ebf80000,0x00000000ec100000)
 ParOldGen       total 68608K, used 40693K [0x00000000c0000000, 0x00000000c4300000, 0x00000000eab00000)
  object space 68608K, 59% used [0x00000000c0000000,0x00000000c27bd7d0,0x00000000c4300000)
 Metaspace       used 56481K, committed 57600K, reserved 1105920K
  class space    used 6041K, committed 6528K, reserved 1048576K
}
Event: 4.845 GC heap after
{Heap after GC invocations=32 (full 2):
 PSYoungGen      total 19968K, used 512K [0x00000000eab00000, 0x00000000ec000000, 0x0000000100000000)
  eden space 19456K, 0% used [0x00000000eab00000,0x00000000eab00000,0x00000000ebe00000)
  from space 512K, 100% used [0x00000000ebf80000,0x00000000ec000000,0x00000000ec000000)
  to   space 1024K, 0% used [0x00000000ebe00000,0x00000000ebe00000,0x00000000ebf00000)
 ParOldGen       total 68608K, used 41221K [0x00000000c0000000, 0x00000000c4300000, 0x00000000eab00000)
  object space 68608K, 60% used [0x00000000c0000000,0x00000000c28417d0,0x00000000c4300000)
 Metaspace       used 56481K, committed 57600K, reserved 1105920K
  class space    used 6041K, committed 6528K, reserved 1048576K
}
Event: 4.904 GC heap before
{Heap before GC invocations=33 (full 2):
 PSYoungGen      total 19968K, used 19968K [0x00000000eab00000, 0x00000000ec000000, 0x0000000100000000)
  eden space 19456K, 100% used [0x00000000eab00000,0x00000000ebe00000,0x00000000ebe00000)
  from space 512K, 100% used [0x00000000ebf80000,0x00000000ec000000,0x00000000ec000000)
  to   space 1024K, 0% used [0x00000000ebe00000,0x00000000ebe00000,0x00000000ebf00000)
 ParOldGen       total 68608K, used 41221K [0x00000000c0000000, 0x00000000c4300000, 0x00000000eab00000)
  object space 68608K, 60% used [0x00000000c0000000,0x00000000c28417d0,0x00000000c4300000)
 Metaspace       used 56560K, committed 57728K, reserved 1105920K
  class space    used 6046K, committed 6592K, reserved 1048576K
}
Event: 4.905 GC heap after
{Heap after GC invocations=33 (full 2):
 PSYoungGen      total 20480K, used 806K [0x00000000eab00000, 0x00000000ec000000, 0x0000000100000000)
  eden space 19456K, 0% used [0x00000000eab00000,0x00000000eab00000,0x00000000ebe00000)
  from space 1024K, 78% used [0x00000000ebe00000,0x00000000ebec9820,0x00000000ebf00000)
  to   space 1024K, 0% used [0x00000000ebf00000,0x00000000ebf00000,0x00000000ec000000)
 ParOldGen       total 68608K, used 41453K [0x00000000c0000000, 0x00000000c4300000, 0x00000000eab00000)
  object space 68608K, 60% used [0x00000000c0000000,0x00000000c287b7d0,0x00000000c4300000)
 Metaspace       used 56560K, committed 57728K, reserved 1105920K
  class space    used 6046K, committed 6592K, reserved 1048576K
}
Event: 4.958 GC heap before
{Heap before GC invocations=34 (full 2):
 PSYoungGen      total 20480K, used 20262K [0x00000000eab00000, 0x00000000ec000000, 0x0000000100000000)
  eden space 19456K, 100% used [0x00000000eab00000,0x00000000ebe00000,0x00000000ebe00000)
  from space 1024K, 78% used [0x00000000ebe00000,0x00000000ebec9820,0x00000000ebf00000)
  to   space 1024K, 0% used [0x00000000ebf00000,0x00000000ebf00000,0x00000000ec000000)
 ParOldGen       total 68608K, used 41453K [0x00000000c0000000, 0x00000000c4300000, 0x00000000eab00000)
  object space 68608K, 60% used [0x00000000c0000000,0x00000000c287b7d0,0x00000000c4300000)
 Metaspace       used 56625K, committed 57792K, reserved 1105920K
  class space    used 6048K, committed 6592K, reserved 1048576K
}
Event: 4.959 GC heap after
{Heap after GC invocations=34 (full 2):
 PSYoungGen      total 20480K, used 416K [0x00000000eab00000, 0x00000000ec000000, 0x0000000100000000)
  eden space 19456K, 0% used [0x00000000eab00000,0x00000000eab00000,0x00000000ebe00000)
  from space 1024K, 40% used [0x00000000ebf00000,0x00000000ebf68000,0x00000000ec000000)
  to   space 1024K, 0% used [0x00000000ebe00000,0x00000000ebe00000,0x00000000ebf00000)
 ParOldGen       total 68608K, used 41594K [0x00000000c0000000, 0x00000000c4300000, 0x00000000eab00000)
  object space 68608K, 60% used [0x00000000c0000000,0x00000000c289e8d0,0x00000000c4300000)
 Metaspace       used 56625K, committed 57792K, reserved 1105920K
  class space    used 6048K, committed 6592K, reserved 1048576K
}
Event: 5.092 GC heap before
{Heap before GC invocations=35 (full 2):
 PSYoungGen      total 20480K, used 19872K [0x00000000eab00000, 0x00000000ec000000, 0x0000000100000000)
  eden space 19456K, 100% used [0x00000000eab00000,0x00000000ebe00000,0x00000000ebe00000)
  from space 1024K, 40% used [0x00000000ebf00000,0x00000000ebf68000,0x00000000ec000000)
  to   space 1024K, 0% used [0x00000000ebe00000,0x00000000ebe00000,0x00000000ebf00000)
 ParOldGen       total 68608K, used 41594K [0x00000000c0000000, 0x00000000c4300000, 0x00000000eab00000)
  object space 68608K, 60% used [0x00000000c0000000,0x00000000c289e8d0,0x00000000c4300000)
 Metaspace       used 57085K, committed 58176K, reserved 1105920K
  class space    used 6078K, committed 6592K, reserved 1048576K
}
Event: 5.093 GC heap after
{Heap after GC invocations=35 (full 2):
 PSYoungGen      total 20480K, used 838K [0x00000000eab00000, 0x00000000ec000000, 0x0000000100000000)
  eden space 19456K, 0% used [0x00000000eab00000,0x00000000eab00000,0x00000000ebe00000)
  from space 1024K, 81% used [0x00000000ebe00000,0x00000000ebed1860,0x00000000ebf00000)
  to   space 1024K, 0% used [0x00000000ebf00000,0x00000000ebf00000,0x00000000ec000000)
 ParOldGen       total 68608K, used 41754K [0x00000000c0000000, 0x00000000c4300000, 0x00000000eab00000)
  object space 68608K, 60% used [0x00000000c0000000,0x00000000c28c68d0,0x00000000c4300000)
 Metaspace       used 57085K, committed 58176K, reserved 1105920K
  class space    used 6078K, committed 6592K, reserved 1048576K
}
Event: 5.168 GC heap before
{Heap before GC invocations=36 (full 2):
 PSYoungGen      total 20480K, used 20229K [0x00000000eab00000, 0x00000000ec000000, 0x0000000100000000)
  eden space 19456K, 99% used [0x00000000eab00000,0x00000000ebdefee0,0x00000000ebe00000)
  from space 1024K, 81% used [0x00000000ebe00000,0x00000000ebed1860,0x00000000ebf00000)
  to   space 1024K, 0% used [0x00000000ebf00000,0x00000000ebf00000,0x00000000ec000000)
 ParOldGen       total 68608K, used 41754K [0x00000000c0000000, 0x00000000c4300000, 0x00000000eab00000)
  object space 68608K, 60% used [0x00000000c0000000,0x00000000c28c68d0,0x00000000c4300000)
 Metaspace       used 57127K, committed 58240K, reserved 1105920K
  class space    used 6078K, committed 6592K, reserved 1048576K
}
Event: 5.168 GC heap after
{Heap after GC invocations=36 (full 2):
 PSYoungGen      total 20480K, used 768K [0x00000000eab00000, 0x00000000ec000000, 0x0000000100000000)
  eden space 19456K, 0% used [0x00000000eab00000,0x00000000eab00000,0x00000000ebe00000)
  from space 1024K, 75% used [0x00000000ebf00000,0x00000000ebfc0000,0x00000000ec000000)
  to   space 1024K, 0% used [0x00000000ebe00000,0x00000000ebe00000,0x00000000ebf00000)
 ParOldGen       total 68608K, used 42286K [0x00000000c0000000, 0x00000000c4300000, 0x00000000eab00000)
  object space 68608K, 61% used [0x00000000c0000000,0x00000000c294bad0,0x00000000c4300000)
 Metaspace       used 57127K, committed 58240K, reserved 1105920K
  class space    used 6078K, committed 6592K, reserved 1048576K
}
Event: 5.301 GC heap before
{Heap before GC invocations=37 (full 2):
 PSYoungGen      total 20480K, used 20224K [0x00000000eab00000, 0x00000000ec000000, 0x0000000100000000)
  eden space 19456K, 100% used [0x00000000eab00000,0x00000000ebe00000,0x00000000ebe00000)
  from space 1024K, 75% used [0x00000000ebf00000,0x00000000ebfc0000,0x00000000ec000000)
  to   space 1024K, 0% used [0x00000000ebe00000,0x00000000ebe00000,0x00000000ebf00000)
 ParOldGen       total 68608K, used 42286K [0x00000000c0000000, 0x00000000c4300000, 0x00000000eab00000)
  object space 68608K, 61% used [0x00000000c0000000,0x00000000c294bad0,0x00000000c4300000)
 Metaspace       used 57748K, committed 58944K, reserved 1105920K
  class space    used 6115K, committed 6656K, reserved 1048576K
}
Event: 5.304 GC heap after
{Heap after GC invocations=37 (full 2):
 PSYoungGen      total 20480K, used 1024K [0x00000000eab00000, 0x00000000ec200000, 0x0000000100000000)
  eden space 19456K, 0% used [0x00000000eab00000,0x00000000eab00000,0x00000000ebe00000)
  from space 1024K, 100% used [0x00000000ebe00000,0x00000000ebf00000,0x00000000ebf00000)
  to   space 2048K, 0% used [0x00000000ec000000,0x00000000ec000000,0x00000000ec200000)
 ParOldGen       total 68608K, used 42899K [0x00000000c0000000, 0x00000000c4300000, 0x00000000eab00000)
  object space 68608K, 62% used [0x00000000c0000000,0x00000000c29e4cd0,0x00000000c4300000)
 Metaspace       used 57748K, committed 58944K, reserved 1105920K
  class space    used 6115K, committed 6656K, reserved 1048576K
}
Event: 5.360 GC heap before
{Heap before GC invocations=38 (full 2):
 PSYoungGen      total 20480K, used 20480K [0x00000000eab00000, 0x00000000ec200000, 0x0000000100000000)
  eden space 19456K, 100% used [0x00000000eab00000,0x00000000ebe00000,0x00000000ebe00000)
  from space 1024K, 100% used [0x00000000ebe00000,0x00000000ebf00000,0x00000000ebf00000)
  to   space 2048K, 0% used [0x00000000ec000000,0x00000000ec000000,0x00000000ec200000)
 ParOldGen       total 68608K, used 42899K [0x00000000c0000000, 0x00000000c4300000, 0x00000000eab00000)
  object space 68608K, 62% used [0x00000000c0000000,0x00000000c29e4cd0,0x00000000c4300000)
 Metaspace       used 57753K, committed 58944K, reserved 1105920K
  class space    used 6115K, committed 6656K, reserved 1048576K
}
Event: 5.361 GC heap after
{Heap after GC invocations=38 (full 2):
 PSYoungGen      total 21504K, used 1643K [0x00000000eab00000, 0x00000000ec200000, 0x0000000100000000)
  eden space 19456K, 0% used [0x00000000eab00000,0x00000000eab00000,0x00000000ebe00000)
  from space 2048K, 80% used [0x00000000ec000000,0x00000000ec19ac70,0x00000000ec200000)
  to   space 2048K, 0% used [0x00000000ebe00000,0x00000000ebe00000,0x00000000ec000000)
 ParOldGen       total 68608K, used 43856K [0x00000000c0000000, 0x00000000c4300000, 0x00000000eab00000)
  object space 68608K, 63% used [0x00000000c0000000,0x00000000c2ad42e0,0x00000000c4300000)
 Metaspace       used 57753K, committed 58944K, reserved 1105920K
  class space    used 6115K, committed 6656K, reserved 1048576K
}
Event: 5.413 GC heap before
{Heap before GC invocations=39 (full 2):
 PSYoungGen      total 21504K, used 21099K [0x00000000eab00000, 0x00000000ec200000, 0x0000000100000000)
  eden space 19456K, 100% used [0x00000000eab00000,0x00000000ebe00000,0x00000000ebe00000)
  from space 2048K, 80% used [0x00000000ec000000,0x00000000ec19ac70,0x00000000ec200000)
  to   space 2048K, 0% used [0x00000000ebe00000,0x00000000ebe00000,0x00000000ec000000)
 ParOldGen       total 68608K, used 43856K [0x00000000c0000000, 0x00000000c4300000, 0x00000000eab00000)
  object space 68608K, 63% used [0x00000000c0000000,0x00000000c2ad42e0,0x00000000c4300000)
 Metaspace       used 57754K, committed 58944K, reserved 1105920K
  class space    used 6115K, committed 6656K, reserved 1048576K
}
Event: 5.415 GC heap after
{Heap after GC invocations=39 (full 2):
 PSYoungGen      total 21504K, used 1600K [0x00000000eab00000, 0x00000000ec200000, 0x0000000100000000)
  eden space 19456K, 0% used [0x00000000eab00000,0x00000000eab00000,0x00000000ebe00000)
  from space 2048K, 78% used [0x00000000ebe00000,0x00000000ebf90000,0x00000000ec000000)
  to   space 2048K, 0% used [0x00000000ec000000,0x00000000ec000000,0x00000000ec200000)
 ParOldGen       total 68608K, used 45264K [0x00000000c0000000, 0x00000000c4300000, 0x00000000eab00000)
  object space 68608K, 65% used [0x00000000c0000000,0x00000000c2c342e0,0x00000000c4300000)
 Metaspace       used 57754K, committed 58944K, reserved 1105920K
  class space    used 6115K, committed 6656K, reserved 1048576K
}

