# JRE version: OpenJDK Runtime Environment Temurin-17.0.6+10 (17.0.6+10) (build 17.0.6+10)
# Java VM: OpenJDK 64-Bit Server VM Temurin-17.0.6+10 (17.0.6+10, mixed mode, tiered, compressed oops, compressed class ptrs, parallel gc, windows-amd64)
GC Precious Log:
 CPUs: 12 total, 12 available
 Memory: 16085M
 Large Page Support: Disabled
 NUMA Support: Disabled
 Compressed Oops: Enabled (32-bit)
 Alignments: Space 512K, Generation 512K, Heap 2M
 Heap Min Capacity: 100M
 Heap Initial Capacity: 100M
 Heap Max Capacity: 1G
 Pre-touch: Disabled
 Parallel Workers: 10
Heap:
 PSYoungGen      total 6144K, used 6137K [0x00000000eab00000, 0x00000000eb600000, 0x0000000100000000)
  eden space 2048K, 100% used [0x00000000eab00000,0x00000000ead00000,0x00000000ead00000)
  from space 4096K, 99% used [0x00000000ead00000,0x00000000eb0fe450,0x00000000eb100000)
  to   space 4608K, 0% used [0x00000000eb180000,0x00000000eb180000,0x00000000eb600000)
 ParOldGen       total 175616K, used 141362K [0x00000000c0000000, 0x00000000cab80000, 0x00000000eab00000)
  object space 175616K, 80% used [0x00000000c0000000,0x00000000c8a0cad0,0x00000000cab80000)
 Metaspace       used 70241K, committed 71488K, reserved 1114112K
  class space    used 7223K, committed 7808K, reserved 1048576K
GC Heap History (20 events):
Event: 29.583 GC heap before
{Heap before GC invocations=149 (full 5):
 PSYoungGen      total 6144K, used 6057K [0x00000000eab00000, 0x00000000eb480000, 0x0000000100000000)
  eden space 2560K, 100% used [0x00000000eab00000,0x00000000ead80000,0x00000000ead80000)
  from space 3584K, 97% used [0x00000000ead80000,0x00000000eb0ea460,0x00000000eb100000)
  to   space 3584K, 0% used [0x00000000eb100000,0x00000000eb100000,0x00000000eb480000)
 ParOldGen       total 175616K, used 139228K [0x00000000c0000000, 0x00000000cab80000, 0x00000000eab00000)
  object space 175616K, 79% used [0x00000000c0000000,0x00000000c87f71a8,0x00000000cab80000)
 Metaspace       used 70131K, committed 71424K, reserved 1114112K
  class space    used 7223K, committed 7808K, reserved 1048576K
}
Event: 29.584 GC heap after
{Heap after GC invocations=149 (full 5):
 PSYoungGen      total 5632K, used 3561K [0x00000000eab00000, 0x00000000eb580000, 0x0000000100000000)
  eden space 2048K, 0% used [0x00000000eab00000,0x00000000eab00000,0x00000000ead00000)
  from space 3584K, 99% used [0x00000000eb100000,0x00000000eb47a440,0x00000000eb480000)
  to   space 4096K, 0% used [0x00000000ead00000,0x00000000ead00000,0x00000000eb100000)
 ParOldGen       total 175616K, used 139651K [0x00000000c0000000, 0x00000000cab80000, 0x00000000eab00000)
  object space 175616K, 79% used [0x00000000c0000000,0x00000000c8860e00,0x00000000cab80000)
 Metaspace       used 70131K, committed 71424K, reserved 1114112K
  class space    used 7223K, committed 7808K, reserved 1048576K
}
Event: 29.591 GC heap before
{Heap before GC invocations=150 (full 5):
 PSYoungGen      total 5632K, used 5609K [0x00000000eab00000, 0x00000000eb580000, 0x0000000100000000)
  eden space 2048K, 99% used [0x00000000eab00000,0x00000000eacffff0,0x00000000ead00000)
  from space 3584K, 99% used [0x00000000eb100000,0x00000000eb47a440,0x00000000eb480000)
  to   space 4096K, 0% used [0x00000000ead00000,0x00000000ead00000,0x00000000eb100000)
 ParOldGen       total 175616K, used 139651K [0x00000000c0000000, 0x00000000cab80000, 0x00000000eab00000)
  object space 175616K, 79% used [0x00000000c0000000,0x00000000c8860e00,0x00000000cab80000)
 Metaspace       used 70146K, committed 71424K, reserved 1114112K
  class space    used 7223K, committed 7808K, reserved 1048576K
}
Event: 29.592 GC heap after
{Heap after GC invocations=150 (full 5):
 PSYoungGen      total 6144K, used 3770K [0x00000000eab00000, 0x00000000eb500000, 0x0000000100000000)
  eden space 2048K, 0% used [0x00000000eab00000,0x00000000eab00000,0x00000000ead00000)
  from space 4096K, 92% used [0x00000000ead00000,0x00000000eb0ae940,0x00000000eb100000)
  to   space 4096K, 0% used [0x00000000eb100000,0x00000000eb100000,0x00000000eb500000)
 ParOldGen       total 175616K, used 139955K [0x00000000c0000000, 0x00000000cab80000, 0x00000000eab00000)
  object space 175616K, 79% used [0x00000000c0000000,0x00000000c88acc48,0x00000000cab80000)
 Metaspace       used 70146K, committed 71424K, reserved 1114112K
  class space    used 7223K, committed 7808K, reserved 1048576K
}
Event: 29.599 GC heap before
{Heap before GC invocations=151 (full 5):
 PSYoungGen      total 6144K, used 5818K [0x00000000eab00000, 0x00000000eb500000, 0x0000000100000000)
  eden space 2048K, 100% used [0x00000000eab00000,0x00000000ead00000,0x00000000ead00000)
  from space 4096K, 92% used [0x00000000ead00000,0x00000000eb0ae940,0x00000000eb100000)
  to   space 4096K, 0% used [0x00000000eb100000,0x00000000eb100000,0x00000000eb500000)
 ParOldGen       total 175616K, used 139955K [0x00000000c0000000, 0x00000000cab80000, 0x00000000eab00000)
  object space 175616K, 79% used [0x00000000c0000000,0x00000000c88acc48,0x00000000cab80000)
 Metaspace       used 70151K, committed 71424K, reserved 1114112K
  class space    used 7223K, committed 7808K, reserved 1048576K
}
Event: 29.601 GC heap after
{Heap after GC invocations=151 (full 5):
 PSYoungGen      total 6144K, used 4020K [0x00000000eab00000, 0x00000000eb500000, 0x0000000100000000)
  eden space 2048K, 0% used [0x00000000eab00000,0x00000000eab00000,0x00000000ead00000)
  from space 4096K, 98% used [0x00000000eb100000,0x00000000eb4ed240,0x00000000eb500000)
  to   space 4096K, 0% used [0x00000000ead00000,0x00000000ead00000,0x00000000eb100000)
 ParOldGen       total 175616K, used 139955K [0x00000000c0000000, 0x00000000cab80000, 0x00000000eab00000)
  object space 175616K, 79% used [0x00000000c0000000,0x00000000c88acc48,0x00000000cab80000)
 Metaspace       used 70151K, committed 71424K, reserved 1114112K
  class space    used 7223K, committed 7808K, reserved 1048576K
}
Event: 29.606 GC heap before
{Heap before GC invocations=152 (full 5):
 PSYoungGen      total 6144K, used 6068K [0x00000000eab00000, 0x00000000eb500000, 0x0000000100000000)
  eden space 2048K, 100% used [0x00000000eab00000,0x00000000ead00000,0x00000000ead00000)
  from space 4096K, 98% used [0x00000000eb100000,0x00000000eb4ed240,0x00000000eb500000)
  to   space 4096K, 0% used [0x00000000ead00000,0x00000000ead00000,0x00000000eb100000)
 ParOldGen       total 175616K, used 139955K [0x00000000c0000000, 0x00000000cab80000, 0x00000000eab00000)
  object space 175616K, 79% used [0x00000000c0000000,0x00000000c88acc48,0x00000000cab80000)
 Metaspace       used 70179K, committed 71424K, reserved 1114112K
  class space    used 7223K, committed 7808K, reserved 1048576K
}
Event: 29.608 GC heap after
{Heap after GC invocations=152 (full 5):
 PSYoungGen      total 6144K, used 4004K [0x00000000eab00000, 0x00000000eb580000, 0x0000000100000000)
  eden space 2048K, 0% used [0x00000000eab00000,0x00000000eab00000,0x00000000ead00000)
  from space 4096K, 97% used [0x00000000ead00000,0x00000000eb0e9230,0x00000000eb100000)
  to   space 4096K, 0% used [0x00000000eb180000,0x00000000eb180000,0x00000000eb580000)
 ParOldGen       total 175616K, used 140283K [0x00000000c0000000, 0x00000000cab80000, 0x00000000eab00000)
  object space 175616K, 79% used [0x00000000c0000000,0x00000000c88fec68,0x00000000cab80000)
 Metaspace       used 70179K, committed 71424K, reserved 1114112K
  class space    used 7223K, committed 7808K, reserved 1048576K
}
Event: 29.619 GC heap before
{Heap before GC invocations=153 (full 5):
 PSYoungGen      total 6144K, used 6052K [0x00000000eab00000, 0x00000000eb580000, 0x0000000100000000)
  eden space 2048K, 100% used [0x00000000eab00000,0x00000000ead00000,0x00000000ead00000)
  from space 4096K, 97% used [0x00000000ead00000,0x00000000eb0e9230,0x00000000eb100000)
  to   space 4096K, 0% used [0x00000000eb180000,0x00000000eb180000,0x00000000eb580000)
 ParOldGen       total 175616K, used 140283K [0x00000000c0000000, 0x00000000cab80000, 0x00000000eab00000)
  object space 175616K, 79% used [0x00000000c0000000,0x00000000c88fec68,0x00000000cab80000)
 Metaspace       used 70183K, committed 71424K, reserved 1114112K
  class space    used 7223K, committed 7808K, reserved 1048576K
}
Event: 29.621 GC heap after
{Heap after GC invocations=153 (full 5):
 PSYoungGen      total 6144K, used 3956K [0x00000000eab00000, 0x00000000eb580000, 0x0000000100000000)
  eden space 2048K, 0% used [0x00000000eab00000,0x00000000eab00000,0x00000000ead00000)
  from space 4096K, 96% used [0x00000000eb180000,0x00000000eb55d240,0x00000000eb580000)
  to   space 4096K, 0% used [0x00000000ead00000,0x00000000ead00000,0x00000000eb100000)
 ParOldGen       total 175616K, used 140455K [0x00000000c0000000, 0x00000000cab80000, 0x00000000eab00000)
  object space 175616K, 79% used [0x00000000c0000000,0x00000000c8929c78,0x00000000cab80000)
 Metaspace       used 70183K, committed 71424K, reserved 1114112K
  class space    used 7223K, committed 7808K, reserved 1048576K
}
Event: 29.627 GC heap before
{Heap before GC invocations=154 (full 5):
 PSYoungGen      total 6144K, used 6004K [0x00000000eab00000, 0x00000000eb580000, 0x0000000100000000)
  eden space 2048K, 100% used [0x00000000eab00000,0x00000000ead00000,0x00000000ead00000)
  from space 4096K, 96% used [0x00000000eb180000,0x00000000eb55d240,0x00000000eb580000)
  to   space 4096K, 0% used [0x00000000ead00000,0x00000000ead00000,0x00000000eb100000)
 ParOldGen       total 175616K, used 140455K [0x00000000c0000000, 0x00000000cab80000, 0x00000000eab00000)
  object space 175616K, 79% used [0x00000000c0000000,0x00000000c8929c78,0x00000000cab80000)
 Metaspace       used 70207K, committed 71488K, reserved 1114112K
  class space    used 7223K, committed 7808K, reserved 1048576K
}
Event: 29.629 GC heap after
{Heap after GC invocations=154 (full 5):
 PSYoungGen      total 6144K, used 4020K [0x00000000eab00000, 0x00000000eb580000, 0x0000000100000000)
  eden space 2048K, 0% used [0x00000000eab00000,0x00000000eab00000,0x00000000ead00000)
  from space 4096K, 98% used [0x00000000ead00000,0x00000000eb0ed240,0x00000000eb100000)
  to   space 4096K, 0% used [0x00000000eb180000,0x00000000eb180000,0x00000000eb580000)
 ParOldGen       total 175616K, used 140671K [0x00000000c0000000, 0x00000000cab80000, 0x00000000eab00000)
  object space 175616K, 80% used [0x00000000c0000000,0x00000000c895fc98,0x00000000cab80000)
 Metaspace       used 70207K, committed 71488K, reserved 1114112K
  class space    used 7223K, committed 7808K, reserved 1048576K
}
Event: 29.641 GC heap before
{Heap before GC invocations=155 (full 5):
 PSYoungGen      total 6144K, used 6057K [0x00000000eab00000, 0x00000000eb580000, 0x0000000100000000)
  eden space 2048K, 99% used [0x00000000eab00000,0x00000000eacfd450,0x00000000ead00000)
  from space 4096K, 98% used [0x00000000ead00000,0x00000000eb0ed240,0x00000000eb100000)
  to   space 4096K, 0% used [0x00000000eb180000,0x00000000eb180000,0x00000000eb580000)
 ParOldGen       total 175616K, used 140671K [0x00000000c0000000, 0x00000000cab80000, 0x00000000eab00000)
  object space 175616K, 80% used [0x00000000c0000000,0x00000000c895fc98,0x00000000cab80000)
 Metaspace       used 70207K, committed 71488K, reserved 1114112K
  class space    used 7223K, committed 7808K, reserved 1048576K
}
Event: 29.643 GC heap after
{Heap after GC invocations=155 (full 5):
 PSYoungGen      total 6144K, used 3972K [0x00000000eab00000, 0x00000000eb580000, 0x0000000100000000)
  eden space 2048K, 0% used [0x00000000eab00000,0x00000000eab00000,0x00000000ead00000)
  from space 4096K, 96% used [0x00000000eb180000,0x00000000eb561250,0x00000000eb580000)
  to   space 4096K, 0% used [0x00000000ead00000,0x00000000ead00000,0x00000000eb100000)
 ParOldGen       total 175616K, used 140799K [0x00000000c0000000, 0x00000000cab80000, 0x00000000eab00000)
  object space 175616K, 80% used [0x00000000c0000000,0x00000000c897fc98,0x00000000cab80000)
 Metaspace       used 70207K, committed 71488K, reserved 1114112K
  class space    used 7223K, committed 7808K, reserved 1048576K
}
Event: 29.658 GC heap before
{Heap before GC invocations=156 (full 5):
 PSYoungGen      total 6144K, used 6020K [0x00000000eab00000, 0x00000000eb580000, 0x0000000100000000)
  eden space 2048K, 99% used [0x00000000eab00000,0x00000000eacffff8,0x00000000ead00000)
  from space 4096K, 96% used [0x00000000eb180000,0x00000000eb561250,0x00000000eb580000)
  to   space 4096K, 0% used [0x00000000ead00000,0x00000000ead00000,0x00000000eb100000)
 ParOldGen       total 175616K, used 140799K [0x00000000c0000000, 0x00000000cab80000, 0x00000000eab00000)
  object space 175616K, 80% used [0x00000000c0000000,0x00000000c897fc98,0x00000000cab80000)
 Metaspace       used 70213K, committed 71488K, reserved 1114112K
  class space    used 7223K, committed 7808K, reserved 1048576K
}
Event: 29.660 GC heap after
{Heap after GC invocations=156 (full 5):
 PSYoungGen      total 6144K, used 4068K [0x00000000eab00000, 0x00000000eb600000, 0x0000000100000000)
  eden space 2048K, 0% used [0x00000000eab00000,0x00000000eab00000,0x00000000ead00000)
  from space 4096K, 99% used [0x00000000ead00000,0x00000000eb0f9270,0x00000000eb100000)
  to   space 4608K, 0% used [0x00000000eb180000,0x00000000eb180000,0x00000000eb600000)
 ParOldGen       total 175616K, used 140982K [0x00000000c0000000, 0x00000000cab80000, 0x00000000eab00000)
  object space 175616K, 80% used [0x00000000c0000000,0x00000000c89adac0,0x00000000cab80000)
 Metaspace       used 70213K, committed 71488K, reserved 1114112K
  class space    used 7223K, committed 7808K, reserved 1048576K
}
Event: 45.428 GC heap before
{Heap before GC invocations=157 (full 5):
 PSYoungGen      total 6144K, used 6114K [0x00000000eab00000, 0x00000000eb600000, 0x0000000100000000)
  eden space 2048K, 99% used [0x00000000eab00000,0x00000000eacff710,0x00000000ead00000)
  from space 4096K, 99% used [0x00000000ead00000,0x00000000eb0f9270,0x00000000eb100000)
  to   space 4608K, 0% used [0x00000000eb180000,0x00000000eb180000,0x00000000eb600000)
 ParOldGen       total 175616K, used 140982K [0x00000000c0000000, 0x00000000cab80000, 0x00000000eab00000)
  object space 175616K, 80% used [0x00000000c0000000,0x00000000c89adac0,0x00000000cab80000)
 Metaspace       used 70241K, committed 71488K, reserved 1114112K
  class space    used 7223K, committed 7808K, reserved 1048576K
}
Event: 45.432 GC heap after
{Heap after GC invocations=157 (full 5):
 PSYoungGen      total 6144K, used 3860K [0x00000000eab00000, 0x00000000eb580000, 0x0000000100000000)
  eden space 2048K, 0% used [0x00000000eab00000,0x00000000eab00000,0x00000000ead00000)
  from space 4096K, 94% used [0x00000000eb180000,0x00000000eb545240,0x00000000eb580000)
  to   space 4096K, 0% used [0x00000000ead00000,0x00000000ead00000,0x00000000eb100000)
 ParOldGen       total 175616K, used 141282K [0x00000000c0000000, 0x00000000cab80000, 0x00000000eab00000)
  object space 175616K, 80% used [0x00000000c0000000,0x00000000c89f8ad0,0x00000000cab80000)
 Metaspace       used 70241K, committed 71488K, reserved 1114112K
  class space    used 7223K, committed 7808K, reserved 1048576K
}
Event: 45.442 GC heap before
{Heap before GC invocations=158 (full 5):
 PSYoungGen      total 6144K, used 5908K [0x00000000eab00000, 0x00000000eb580000, 0x0000000100000000)
  eden space 2048K, 100% used [0x00000000eab00000,0x00000000ead00000,0x00000000ead00000)
  from space 4096K, 94% used [0x00000000eb180000,0x00000000eb545240,0x00000000eb580000)
  to   space 4096K, 0% used [0x00000000ead00000,0x00000000ead00000,0x00000000eb100000)
 ParOldGen       total 175616K, used 141282K [0x00000000c0000000, 0x00000000cab80000, 0x00000000eab00000)
  object space 175616K, 80% used [0x00000000c0000000,0x00000000c89f8ad0,0x00000000cab80000)
 Metaspace       used 70241K, committed 71488K, reserved 1114112K
  class space    used 7223K, committed 7808K, reserved 1048576K
}
Event: 45.445 GC heap after
{Heap after GC invocations=158 (full 5):
 PSYoungGen      total 6144K, used 4089K [0x00000000eab00000, 0x00000000eb600000, 0x0000000100000000)
  eden space 2048K, 0% used [0x00000000eab00000,0x00000000eab00000,0x00000000ead00000)
  from space 4096K, 99% used [0x00000000ead00000,0x00000000eb0fe450,0x00000000eb100000)
  to   space 4608K, 0% used [0x00000000eb180000,0x00000000eb180000,0x00000000eb600000)
 ParOldGen       total 175616K, used 141362K [0x00000000c0000000, 0x00000000cab80000, 0x00000000eab00000)
  object space 175616K, 80% used [0x00000000c0000000,0x00000000c8a0cad0,0x00000000cab80000)
 Metaspace       used 70241K, committed 71488K, reserved 1114112K
  class space    used 7223K, committed 7808K, reserved 1048576K
}

