# JRE version: OpenJDK Runtime Environment Temurin-17.0.6+10 (17.0.6+10) (build 17.0.6+10)
# Java VM: OpenJDK 64-Bit Server VM Temurin-17.0.6+10 (17.0.6+10, mixed mode, emulated-client, tiered, compressed oops, compressed class ptrs, g1 gc, windows-amd64)
GC Precious Log:
 CPUs: 12 total, 12 available
 Memory: 16085M
 Large Page Support: Disabled
 NUMA Support: Disabled
 Compressed Oops: Enabled (32-bit)
 Heap Region Size: 1M
 Heap Min Capacity: 8M
 Heap Initial Capacity: 252M
 Heap Max Capacity: 1G
 Pre-touch: Disabled
 Parallel Workers: 10
 Concurrent Workers: 3
 Concurrent Refinement Workers: 10
 Periodic GC: Disabled
Heap:
 garbage-first heap   total 137216K, used 42479K [0x00000000c0000000, 0x0000000100000000)
  region size 1024K, 1 young (1024K), 0 survivors (0K)
 Metaspace       used 62680K, committed 63168K, reserved 1105920K
  class space    used 8503K, committed 8704K, reserved 1048576K
GC Heap History (20 events):
Event: 16864.271 GC heap before
{Heap before GC invocations=1139 (full 932):
 garbage-first heap   total 137216K, used 42479K [0x00000000c0000000, 0x0000000100000000)
  region size 1024K, 1 young (1024K), 0 survivors (0K)
 Metaspace       used 62680K, committed 63168K, reserved 1105920K
  class space    used 8503K, committed 8704K, reserved 1048576K
}
Event: 16864.299 GC heap after
{Heap after GC invocations=1140 (full 933):
 garbage-first heap   total 137216K, used 42479K [0x00000000c0000000, 0x0000000100000000)
  region size 1024K, 0 young (0K), 0 survivors (0K)
 Metaspace       used 62680K, committed 63168K, reserved 1105920K
  class space    used 8503K, committed 8704K, reserved 1048576K
}
Event: 16874.389 GC heap before
{Heap before GC invocations=1140 (full 933):
 garbage-first heap   total 137216K, used 42479K [0x00000000c0000000, 0x0000000100000000)
  region size 1024K, 1 young (1024K), 0 survivors (0K)
 Metaspace       used 62680K, committed 63168K, reserved 1105920K
  class space    used 8503K, committed 8704K, reserved 1048576K
}
Event: 16874.417 GC heap after
{Heap after GC invocations=1141 (full 934):
 garbage-first heap   total 137216K, used 42479K [0x00000000c0000000, 0x0000000100000000)
  region size 1024K, 0 young (0K), 0 survivors (0K)
 Metaspace       used 62680K, committed 63168K, reserved 1105920K
  class space    used 8503K, committed 8704K, reserved 1048576K
}
Event: 16884.503 GC heap before
{Heap before GC invocations=1141 (full 934):
 garbage-first heap   total 137216K, used 42479K [0x00000000c0000000, 0x0000000100000000)
  region size 1024K, 1 young (1024K), 0 survivors (0K)
 Metaspace       used 62680K, committed 63168K, reserved 1105920K
  class space    used 8503K, committed 8704K, reserved 1048576K
}
Event: 16884.529 GC heap after
{Heap after GC invocations=1142 (full 935):
 garbage-first heap   total 137216K, used 42479K [0x00000000c0000000, 0x0000000100000000)
  region size 1024K, 0 young (0K), 0 survivors (0K)
 Metaspace       used 62680K, committed 63168K, reserved 1105920K
  class space    used 8503K, committed 8704K, reserved 1048576K
}
Event: 16894.611 GC heap before
{Heap before GC invocations=1142 (full 935):
 garbage-first heap   total 137216K, used 42479K [0x00000000c0000000, 0x0000000100000000)
  region size 1024K, 1 young (1024K), 0 survivors (0K)
 Metaspace       used 62680K, committed 63168K, reserved 1105920K
  class space    used 8503K, committed 8704K, reserved 1048576K
}
Event: 16894.638 GC heap after
{Heap after GC invocations=1143 (full 936):
 garbage-first heap   total 137216K, used 42479K [0x00000000c0000000, 0x0000000100000000)
  region size 1024K, 0 young (0K), 0 survivors (0K)
 Metaspace       used 62680K, committed 63168K, reserved 1105920K
  class space    used 8503K, committed 8704K, reserved 1048576K
}
Event: 16904.730 GC heap before
{Heap before GC invocations=1143 (full 936):
 garbage-first heap   total 137216K, used 42479K [0x00000000c0000000, 0x0000000100000000)
  region size 1024K, 1 young (1024K), 0 survivors (0K)
 Metaspace       used 62680K, committed 63168K, reserved 1105920K
  class space    used 8503K, committed 8704K, reserved 1048576K
}
Event: 16904.759 GC heap after
{Heap after GC invocations=1144 (full 937):
 garbage-first heap   total 137216K, used 42479K [0x00000000c0000000, 0x0000000100000000)
  region size 1024K, 0 young (0K), 0 survivors (0K)
 Metaspace       used 62680K, committed 63168K, reserved 1105920K
  class space    used 8503K, committed 8704K, reserved 1048576K
}
Event: 16914.863 GC heap before
{Heap before GC invocations=1144 (full 937):
 garbage-first heap   total 137216K, used 42479K [0x00000000c0000000, 0x0000000100000000)
  region size 1024K, 1 young (1024K), 0 survivors (0K)
 Metaspace       used 62680K, committed 63168K, reserved 1105920K
  class space    used 8503K, committed 8704K, reserved 1048576K
}
Event: 16914.892 GC heap after
{Heap after GC invocations=1145 (full 938):
 garbage-first heap   total 137216K, used 42479K [0x00000000c0000000, 0x0000000100000000)
  region size 1024K, 0 young (0K), 0 survivors (0K)
 Metaspace       used 62680K, committed 63168K, reserved 1105920K
  class space    used 8503K, committed 8704K, reserved 1048576K
}
Event: 16924.965 GC heap before
{Heap before GC invocations=1145 (full 938):
 garbage-first heap   total 137216K, used 42479K [0x00000000c0000000, 0x0000000100000000)
  region size 1024K, 1 young (1024K), 0 survivors (0K)
 Metaspace       used 62680K, committed 63168K, reserved 1105920K
  class space    used 8503K, committed 8704K, reserved 1048576K
}
Event: 16924.999 GC heap after
{Heap after GC invocations=1146 (full 939):
 garbage-first heap   total 137216K, used 42479K [0x00000000c0000000, 0x0000000100000000)
  region size 1024K, 0 young (0K), 0 survivors (0K)
 Metaspace       used 62680K, committed 63168K, reserved 1105920K
  class space    used 8503K, committed 8704K, reserved 1048576K
}
Event: 16935.079 GC heap before
{Heap before GC invocations=1146 (full 939):
 garbage-first heap   total 137216K, used 42479K [0x00000000c0000000, 0x0000000100000000)
  region size 1024K, 1 young (1024K), 0 survivors (0K)
 Metaspace       used 62680K, committed 63168K, reserved 1105920K
  class space    used 8503K, committed 8704K, reserved 1048576K
}
Event: 16935.109 GC heap after
{Heap after GC invocations=1147 (full 940):
 garbage-first heap   total 137216K, used 42479K [0x00000000c0000000, 0x0000000100000000)
  region size 1024K, 0 young (0K), 0 survivors (0K)
 Metaspace       used 62680K, committed 63168K, reserved 1105920K
  class space    used 8503K, committed 8704K, reserved 1048576K
}
Event: 16945.173 GC heap before
{Heap before GC invocations=1147 (full 940):
 garbage-first heap   total 137216K, used 42479K [0x00000000c0000000, 0x0000000100000000)
  region size 1024K, 1 young (1024K), 0 survivors (0K)
 Metaspace       used 62680K, committed 63168K, reserved 1105920K
  class space    used 8503K, committed 8704K, reserved 1048576K
}
Event: 16945.199 GC heap after
{Heap after GC invocations=1148 (full 941):
 garbage-first heap   total 137216K, used 42479K [0x00000000c0000000, 0x0000000100000000)
  region size 1024K, 0 young (0K), 0 survivors (0K)
 Metaspace       used 62680K, committed 63168K, reserved 1105920K
  class space    used 8503K, committed 8704K, reserved 1048576K
}
Event: 16955.301 GC heap before
{Heap before GC invocations=1148 (full 941):
 garbage-first heap   total 137216K, used 42479K [0x00000000c0000000, 0x0000000100000000)
  region size 1024K, 1 young (1024K), 0 survivors (0K)
 Metaspace       used 62680K, committed 63168K, reserved 1105920K
  class space    used 8503K, committed 8704K, reserved 1048576K
}
Event: 16955.350 GC heap after
{Heap after GC invocations=1149 (full 942):
 garbage-first heap   total 137216K, used 42479K [0x00000000c0000000, 0x0000000100000000)
  region size 1024K, 0 young (0K), 0 survivors (0K)
 Metaspace       used 62680K, committed 63168K, reserved 1105920K
  class space    used 8503K, committed 8704K, reserved 1048576K
}

